<?xml version="1.0" encoding="UTF-8"?>
<testng-results skipped="0" failed="0" ignored="0" total="9" passed="9">
  <reporter-output>
  </reporter-output>
  <suite name="Suite" duration-ms="124734" started-at="2024-02-13T09:27:07 BDT" finished-at="2024-02-13T09:29:11 BDT">
    <groups>
      <group name="cucumber">
        <method signature="AbstractTestNGCucumberTests.runScenario(io.cucumber.testng.PickleWrapper, io.cucumber.testng.FeatureWrapper)[pri:0, instance:TestRunner.AllRunnerTest@7193666c]" name="runScenario" class="io.cucumber.testng.AbstractTestNGCucumberTests"/>
      </group> <!-- cucumber -->
    </groups>
    <test name="webTest" duration-ms="124734" started-at="2024-02-13T09:27:07 BDT" finished-at="2024-02-13T09:29:11 BDT">
      <class name="TestRunner.AllRunnerTest">
        <test-method status="PASS" signature="setUpClass()[pri:0, instance:TestRunner.AllRunnerTest@7193666c]" name="setUpClass" is-config="true" duration-ms="829" started-at="2024-02-13T09:27:07 BDT" finished-at="2024-02-13T09:27:08 BDT">
          <reporter-output>
          </reporter-output>
        </test-method> <!-- setUpClass -->
        <test-method status="PASS" signature="runScenario(io.cucumber.testng.PickleWrapper, io.cucumber.testng.FeatureWrapper)[pri:0, instance:TestRunner.AllRunnerTest@7193666c]" name="runScenario" duration-ms="17416" started-at="2024-02-13T09:27:08 BDT" description="Runs Cucumber Scenarios" data-provider="scenarios" finished-at="2024-02-13T09:27:25 BDT">
          <params>
            <param index="0">
              <value>
                <![CDATA["Login with valid data"]]>
              </value>
            </param>
            <param index="1">
              <value>
                <![CDATA["Optional[SPA SFBL Login]"]]>
              </value>
            </param>
          </params>
          <reporter-output>
          </reporter-output>
        </test-method> <!-- runScenario -->
        <test-method status="PASS" signature="runScenario(io.cucumber.testng.PickleWrapper, io.cucumber.testng.FeatureWrapper)[pri:0, instance:TestRunner.AllRunnerTest@7193666c]" name="runScenario" duration-ms="15547" started-at="2024-02-13T09:27:25 BDT" description="Runs Cucumber Scenarios" data-provider="scenarios" finished-at="2024-02-13T09:27:41 BDT">
          <params>
            <param index="0">
              <value>
                <![CDATA["Add order retailer"]]>
              </value>
            </param>
            <param index="1">
              <value>
                <![CDATA["Optional[Order Transaction]"]]>
              </value>
            </param>
          </params>
          <reporter-output>
          </reporter-output>
        </test-method> <!-- runScenario -->
        <test-method status="PASS" signature="runScenario(io.cucumber.testng.PickleWrapper, io.cucumber.testng.FeatureWrapper)[pri:0, instance:TestRunner.AllRunnerTest@7193666c]" name="runScenario" duration-ms="3502" started-at="2024-02-13T09:27:41 BDT" description="Runs Cucumber Scenarios" data-provider="scenarios" finished-at="2024-02-13T09:27:44 BDT">
          <params>
            <param index="0">
              <value>
                <![CDATA["check invoice retailer"]]>
              </value>
            </param>
            <param index="1">
              <value>
                <![CDATA["Optional[Invoice Retailer]"]]>
              </value>
            </param>
          </params>
          <reporter-output>
          </reporter-output>
        </test-method> <!-- runScenario -->
        <test-method status="PASS" signature="runScenario(io.cucumber.testng.PickleWrapper, io.cucumber.testng.FeatureWrapper)[pri:0, instance:TestRunner.AllRunnerTest@7193666c]" name="runScenario" duration-ms="17020" started-at="2024-02-13T09:27:44 BDT" description="Runs Cucumber Scenarios" data-provider="scenarios" finished-at="2024-02-13T09:28:01 BDT">
          <params>
            <param index="0">
              <value>
                <![CDATA["check invoice display"]]>
              </value>
            </param>
            <param index="1">
              <value>
                <![CDATA["Optional[Invoice Display]"]]>
              </value>
            </param>
          </params>
          <reporter-output>
          </reporter-output>
        </test-method> <!-- runScenario -->
        <test-method status="PASS" signature="runScenario(io.cucumber.testng.PickleWrapper, io.cucumber.testng.FeatureWrapper)[pri:0, instance:TestRunner.AllRunnerTest@7193666c]" name="runScenario" duration-ms="29017" started-at="2024-02-13T09:28:01 BDT" description="Runs Cucumber Scenarios" data-provider="scenarios" finished-at="2024-02-13T09:28:30 BDT">
          <params>
            <param index="0">
              <value>
                <![CDATA["check invoice display"]]>
              </value>
            </param>
            <param index="1">
              <value>
                <![CDATA["Optional[Invoice Display]"]]>
              </value>
            </param>
          </params>
          <reporter-output>
          </reporter-output>
        </test-method> <!-- runScenario -->
        <test-method status="PASS" signature="runScenario(io.cucumber.testng.PickleWrapper, io.cucumber.testng.FeatureWrapper)[pri:0, instance:TestRunner.AllRunnerTest@7193666c]" name="runScenario" duration-ms="7540" started-at="2024-02-13T09:28:30 BDT" description="Runs Cucumber Scenarios" data-provider="scenarios" finished-at="2024-02-13T09:28:38 BDT">
          <params>
            <param index="0">
              <value>
                <![CDATA["check requisition to factory"]]>
              </value>
            </param>
            <param index="1">
              <value>
                <![CDATA["Optional[Requisition to Factory]"]]>
              </value>
            </param>
          </params>
          <reporter-output>
          </reporter-output>
        </test-method> <!-- runScenario -->
        <test-method status="PASS" signature="runScenario(io.cucumber.testng.PickleWrapper, io.cucumber.testng.FeatureWrapper)[pri:0, instance:TestRunner.AllRunnerTest@7193666c]" name="runScenario" duration-ms="9201" started-at="2024-02-13T09:28:38 BDT" description="Runs Cucumber Scenarios" data-provider="scenarios" finished-at="2024-02-13T09:28:47 BDT">
          <params>
            <param index="0">
              <value>
                <![CDATA["check replacement summary sheet"]]>
              </value>
            </param>
            <param index="1">
              <value>
                <![CDATA["Optional[Replacement Summary Sheet]"]]>
              </value>
            </param>
          </params>
          <reporter-output>
          </reporter-output>
        </test-method> <!-- runScenario -->
        <test-method status="PASS" signature="runScenario(io.cucumber.testng.PickleWrapper, io.cucumber.testng.FeatureWrapper)[pri:0, instance:TestRunner.AllRunnerTest@7193666c]" name="runScenario" duration-ms="15309" started-at="2024-02-13T09:28:47 BDT" description="Runs Cucumber Scenarios" data-provider="scenarios" finished-at="2024-02-13T09:29:02 BDT">
          <params>
            <param index="0">
              <value>
                <![CDATA["check damage stock transfer for replacement"]]>
              </value>
            </param>
            <param index="1">
              <value>
                <![CDATA["Optional[Damage Stock Transfer For Replacement]"]]>
              </value>
            </param>
          </params>
          <reporter-output>
          </reporter-output>
        </test-method> <!-- runScenario -->
        <test-method status="PASS" signature="runScenario(io.cucumber.testng.PickleWrapper, io.cucumber.testng.FeatureWrapper)[pri:0, instance:TestRunner.AllRunnerTest@7193666c]" name="runScenario" duration-ms="9148" started-at="2024-02-13T09:29:02 BDT" description="Runs Cucumber Scenarios" data-provider="scenarios" finished-at="2024-02-13T09:29:11 BDT">
          <params>
            <param index="0">
              <value>
                <![CDATA["check the short products"]]>
              </value>
            </param>
            <param index="1">
              <value>
                <![CDATA["Optional[Short Products Details]"]]>
              </value>
            </param>
          </params>
          <reporter-output>
          </reporter-output>
        </test-method> <!-- runScenario -->
        <test-method status="PASS" signature="tearDownClass()[pri:0, instance:TestRunner.AllRunnerTest@7193666c]" name="tearDownClass" is-config="true" duration-ms="151" started-at="2024-02-13T09:29:11 BDT" finished-at="2024-02-13T09:29:11 BDT">
          <reporter-output>
          </reporter-output>
        </test-method> <!-- tearDownClass -->
      </class> <!-- TestRunner.AllRunnerTest -->
    </test> <!-- webTest -->
  </suite> <!-- Suite -->
</testng-results>
