<?xml version="1.0" encoding="UTF-8"?>
<testng-results skipped="0" failed="0" ignored="0" total="10" passed="10">
  <reporter-output>
  </reporter-output>
  <suite name="Suite" duration-ms="100868" started-at="2024-02-14T16:43:33 BDT" finished-at="2024-02-14T16:45:14 BDT">
    <groups>
      <group name="cucumber">
        <method signature="AbstractTestNGCucumberTests.runScenario(io.cucumber.testng.PickleWrapper, io.cucumber.testng.FeatureWrapper)[pri:0, instance:TestRunner.AllRunnerTest@7193666c]" name="runScenario" class="io.cucumber.testng.AbstractTestNGCucumberTests"/>
      </group> <!-- cucumber -->
    </groups>
    <test name="webTest" duration-ms="100868" started-at="2024-02-14T16:43:33 BDT" finished-at="2024-02-14T16:45:14 BDT">
      <class name="TestRunner.AllRunnerTest">
        <test-method status="PASS" signature="setUpClass()[pri:0, instance:TestRunner.AllRunnerTest@7193666c]" name="setUpClass" is-config="true" duration-ms="383" started-at="2024-02-14T16:43:33 BDT" finished-at="2024-02-14T16:43:33 BDT">
          <reporter-output>
          </reporter-output>
        </test-method> <!-- setUpClass -->
        <test-method status="PASS" signature="runScenario(io.cucumber.testng.PickleWrapper, io.cucumber.testng.FeatureWrapper)[pri:0, instance:TestRunner.AllRunnerTest@7193666c]" name="runScenario" duration-ms="8353" started-at="2024-02-14T16:43:33 BDT" description="Runs Cucumber Scenarios" data-provider="scenarios" finished-at="2024-02-14T16:43:41 BDT">
          <params>
            <param index="0">
              <value>
                <![CDATA["Login with valid data"]]>
              </value>
            </param>
            <param index="1">
              <value>
                <![CDATA["Optional[SPA SFBL Login]"]]>
              </value>
            </param>
          </params>
          <reporter-output>
          </reporter-output>
        </test-method> <!-- runScenario -->
        <test-method status="PASS" signature="runScenario(io.cucumber.testng.PickleWrapper, io.cucumber.testng.FeatureWrapper)[pri:0, instance:TestRunner.AllRunnerTest@7193666c]" name="runScenario" duration-ms="13241" started-at="2024-02-14T16:43:41 BDT" description="Runs Cucumber Scenarios" data-provider="scenarios" finished-at="2024-02-14T16:43:55 BDT">
          <params>
            <param index="0">
              <value>
                <![CDATA["Add order retailer"]]>
              </value>
            </param>
            <param index="1">
              <value>
                <![CDATA["Optional[Order Transaction]"]]>
              </value>
            </param>
          </params>
          <reporter-output>
          </reporter-output>
        </test-method> <!-- runScenario -->
        <test-method status="PASS" signature="runScenario(io.cucumber.testng.PickleWrapper, io.cucumber.testng.FeatureWrapper)[pri:0, instance:TestRunner.AllRunnerTest@7193666c]" name="runScenario" duration-ms="2283" started-at="2024-02-14T16:43:55 BDT" description="Runs Cucumber Scenarios" data-provider="scenarios" finished-at="2024-02-14T16:43:57 BDT">
          <params>
            <param index="0">
              <value>
                <![CDATA["check invoice retailer"]]>
              </value>
            </param>
            <param index="1">
              <value>
                <![CDATA["Optional[Invoice Retailer]"]]>
              </value>
            </param>
          </params>
          <reporter-output>
          </reporter-output>
        </test-method> <!-- runScenario -->
        <test-method status="PASS" signature="runScenario(io.cucumber.testng.PickleWrapper, io.cucumber.testng.FeatureWrapper)[pri:0, instance:TestRunner.AllRunnerTest@7193666c]" name="runScenario" duration-ms="8952" started-at="2024-02-14T16:43:57 BDT" description="Runs Cucumber Scenarios" data-provider="scenarios" finished-at="2024-02-14T16:44:06 BDT">
          <params>
            <param index="0">
              <value>
                <![CDATA["check invoice display"]]>
              </value>
            </param>
            <param index="1">
              <value>
                <![CDATA["Optional[Invoice Display]"]]>
              </value>
            </param>
          </params>
          <reporter-output>
          </reporter-output>
        </test-method> <!-- runScenario -->
        <test-method status="PASS" signature="runScenario(io.cucumber.testng.PickleWrapper, io.cucumber.testng.FeatureWrapper)[pri:0, instance:TestRunner.AllRunnerTest@7193666c]" name="runScenario" duration-ms="27974" started-at="2024-02-14T16:44:06 BDT" description="Runs Cucumber Scenarios" data-provider="scenarios" finished-at="2024-02-14T16:44:34 BDT">
          <params>
            <param index="0">
              <value>
                <![CDATA["check invoice display"]]>
              </value>
            </param>
            <param index="1">
              <value>
                <![CDATA["Optional[Invoice Display]"]]>
              </value>
            </param>
          </params>
          <reporter-output>
          </reporter-output>
        </test-method> <!-- runScenario -->
        <test-method status="PASS" signature="runScenario(io.cucumber.testng.PickleWrapper, io.cucumber.testng.FeatureWrapper)[pri:0, instance:TestRunner.AllRunnerTest@7193666c]" name="runScenario" duration-ms="6908" started-at="2024-02-14T16:44:34 BDT" description="Runs Cucumber Scenarios" data-provider="scenarios" finished-at="2024-02-14T16:44:41 BDT">
          <params>
            <param index="0">
              <value>
                <![CDATA["check requisition to factory"]]>
              </value>
            </param>
            <param index="1">
              <value>
                <![CDATA["Optional[Requisition to Factory]"]]>
              </value>
            </param>
          </params>
          <reporter-output>
          </reporter-output>
        </test-method> <!-- runScenario -->
        <test-method status="PASS" signature="runScenario(io.cucumber.testng.PickleWrapper, io.cucumber.testng.FeatureWrapper)[pri:0, instance:TestRunner.AllRunnerTest@7193666c]" name="runScenario" duration-ms="7862" started-at="2024-02-14T16:44:41 BDT" description="Runs Cucumber Scenarios" data-provider="scenarios" finished-at="2024-02-14T16:44:49 BDT">
          <params>
            <param index="0">
              <value>
                <![CDATA["check replacement summary sheet"]]>
              </value>
            </param>
            <param index="1">
              <value>
                <![CDATA["Optional[Replacement Summary Sheet]"]]>
              </value>
            </param>
          </params>
          <reporter-output>
          </reporter-output>
        </test-method> <!-- runScenario -->
        <test-method status="PASS" signature="runScenario(io.cucumber.testng.PickleWrapper, io.cucumber.testng.FeatureWrapper)[pri:0, instance:TestRunner.AllRunnerTest@7193666c]" name="runScenario" duration-ms="13202" started-at="2024-02-14T16:44:49 BDT" description="Runs Cucumber Scenarios" data-provider="scenarios" finished-at="2024-02-14T16:45:02 BDT">
          <params>
            <param index="0">
              <value>
                <![CDATA["check damage stock transfer for replacement"]]>
              </value>
            </param>
            <param index="1">
              <value>
                <![CDATA["Optional[Damage Stock Transfer For Replacement]"]]>
              </value>
            </param>
          </params>
          <reporter-output>
          </reporter-output>
        </test-method> <!-- runScenario -->
        <test-method status="PASS" signature="runScenario(io.cucumber.testng.PickleWrapper, io.cucumber.testng.FeatureWrapper)[pri:0, instance:TestRunner.AllRunnerTest@7193666c]" name="runScenario" duration-ms="4926" started-at="2024-02-14T16:45:02 BDT" description="Runs Cucumber Scenarios" data-provider="scenarios" finished-at="2024-02-14T16:45:07 BDT">
          <params>
            <param index="0">
              <value>
                <![CDATA["check the short products"]]>
              </value>
            </param>
            <param index="1">
              <value>
                <![CDATA["Optional[Short Products Details]"]]>
              </value>
            </param>
          </params>
          <reporter-output>
          </reporter-output>
        </test-method> <!-- runScenario -->
        <test-method status="PASS" signature="runScenario(io.cucumber.testng.PickleWrapper, io.cucumber.testng.FeatureWrapper)[pri:0, instance:TestRunner.AllRunnerTest@7193666c]" name="runScenario" duration-ms="6717" started-at="2024-02-14T16:45:07 BDT" description="Runs Cucumber Scenarios" data-provider="scenarios" finished-at="2024-02-14T16:45:13 BDT">
          <params>
            <param index="0">
              <value>
                <![CDATA["check Retailer Display Program Participation"]]>
              </value>
            </param>
            <param index="1">
              <value>
                <![CDATA["Optional[Retailer Display Program Participation Details]"]]>
              </value>
            </param>
          </params>
          <reporter-output>
          </reporter-output>
        </test-method> <!-- runScenario -->
        <test-method status="PASS" signature="tearDownClass()[pri:0, instance:TestRunner.AllRunnerTest@7193666c]" name="tearDownClass" is-config="true" duration-ms="40" started-at="2024-02-14T16:45:13 BDT" finished-at="2024-02-14T16:45:14 BDT">
          <reporter-output>
          </reporter-output>
        </test-method> <!-- tearDownClass -->
      </class> <!-- TestRunner.AllRunnerTest -->
    </test> <!-- webTest -->
  </suite> <!-- Suite -->
</testng-results>
